<?xml version="1.0" encoding="UTF-8"?>
<!-- Generated by org.testng.reporters.JUnitReportReporter -->
<testsuite hostname="Isuruuy.local" failures="0" tests="3" name="org.wso2.BasicOperation.ArithmeticOperations" time="0.002" errors="0" timestamp="2020-11-21T09:12:14 IST" skipped="0">
  <testcase classname="org.wso2.BasicOperation.ArithmeticOperations" name="TestAddition" time="0.001"/>
  <system-out/>
  <testcase classname="org.wso2.BasicOperation.ArithmeticOperations" name="TestSubstraction" time="0.000"/>
  <system-out/>
  <testcase classname="org.wso2.BasicOperation.ArithmeticOperations" name="TesMultiplication" time="0.001"/>
  <system-out/>
</testsuite> <!-- org.wso2.BasicOperation.ArithmeticOperations -->
