<?xml version="1.0" encoding="UTF-8"?>
<!-- Generated by org.testng.reporters.JUnitReportReporter -->
<testsuite hostname="Isuruuy.local" failures="0" tests="3" name="org.wso2.BasicOperation.StringOperations" time="0.007" errors="0" timestamp="2020-11-21T09:12:14 IST" skipped="0">
  <testcase classname="org.wso2.BasicOperation.StringOperations" name="TestAllCaps" time="0.006"/>
  <system-out/>
  <testcase classname="org.wso2.BasicOperation.StringOperations" name="TestToLowerCase" time="0.001"/>
  <system-out/>
  <testcase classname="org.wso2.BasicOperation.StringOperations" name="TestSubstring" time="0.000"/>
  <system-out/>
</testsuite> <!-- org.wso2.BasicOperation.StringOperations -->
